<?xml version="1.0" encoding="UTF-8"?>
<!-- Generated by org.testng.reporters.JUnitReportReporter -->
<testsuite hostname="yashs-MacBook-Air.local" failures="0" tests="5" name="calcTest" time="2.360" errors="0" timestamp="2021-12-03T11:57:48 IST" skipped="0">
  <testcase classname="calcTest" name="selectBuildTest" time="0.336"/>
  <system-out/>
  <testcase classname="calcTest" name="selectNumerTest" time="0.249"/>
  <system-out/>
  <testcase classname="calcTest" name="selectOperastionTest" time="0.267"/>
  <system-out/>
  <testcase classname="calcTest" name="selectAnuswerTest" time="0.036"/>
  <system-out/>
  <testcase classname="calcTest" name="selectIntegertextBoxAndClearButtonTest" time="1.472"/>
  <system-out/>
</testsuite> <!-- calcTest -->
