<?xml version="1.0" encoding="UTF-8"?>
<!-- Generated by org.testng.reporters.JUnitReportReporter -->
<testsuite hostname="yashs-MacBook-Air.local" failures="0" tests="5" name="calcTest" time="1.703" errors="0" timestamp="2021-12-02T13:17:52 IST" skipped="0">
  <testcase classname="calcTest" name="selectBuildTest" time="0.317"/>
  <system-out/>
  <testcase classname="calcTest" name="selectNumerTest" time="0.236"/>
  <system-out/>
  <testcase classname="calcTest" name="selectOperastionTest" time="0.266"/>
  <system-out/>
  <testcase classname="calcTest" name="selectAnuswerTest" time="0.038"/>
  <system-out/>
  <testcase classname="calcTest" name="selectIntegertextBoxAndClearButtonTest" time="0.846"/>
  <system-out/>
</testsuite> <!-- calcTest -->
