<?xml version="1.0" encoding="UTF-8"?>
<!-- Generated by org.testng.reporters.JUnitReportReporter -->
<testsuite hostname="yashs-MacBook-Air.local" failures="0" tests="5" name="calcTest" time="1.662" errors="0" timestamp="2021-12-02T15:17:50 IST" skipped="0">
  <testcase classname="calcTest" name="selectBuildTest" time="0.304"/>
  <system-out/>
  <testcase classname="calcTest" name="selectNumerTest" time="0.243"/>
  <system-out/>
  <testcase classname="calcTest" name="selectOperastionTest" time="0.289"/>
  <system-out/>
  <testcase classname="calcTest" name="selectAnuswerTest" time="0.059"/>
  <system-out/>
  <testcase classname="calcTest" name="selectIntegertextBoxAndClearButtonTest" time="0.767"/>
  <system-out/>
</testsuite> <!-- calcTest -->
